2026-04-07 09:24:12,470 [INFO] Activator:176 - 


2026-04-07 09:24:12,473 [INFO] Activator:177 - !SESSION log4j initialized
2026-04-07 09:24:16,212 [INFO] LogOutputStream:77 - [STDOUT_REDIRECT] 
2026-04-07 10:05:31,887 [INFO] Activator:176 - 


2026-04-07 10:05:31,891 [INFO] Activator:177 - !SESSION log4j initialized
2026-04-07 10:05:33,468 [INFO] LogOutputStream:77 - [STDOUT_REDIRECT] 
2026-04-07 10:16:42,380 [INFO] Activator:176 - 


2026-04-07 10:16:42,382 [INFO] Activator:177 - !SESSION log4j initialized
2026-04-07 10:16:47,051 [INFO] LogOutputStream:77 - [STDOUT_REDIRECT] 
2026-04-07 10:22:58,712 [INFO] LogOutputStream:77 - [STDOUT_REDIRECT] StartTraceHandler.execute(), success : Collect=true
2026-04-07 10:23:36,203 [INFO] LogOutputStream:77 - [STDOUT_REDIRECT] StartTraceHandler.execute(), success : Collect=false
2026-04-07 10:23:37,478 [INFO] LogOutputStream:77 - [STDOUT_REDIRECT] StartTraceHandler.execute(), success : Collect=true
2026-04-07 10:24:54,767 [INFO] LogOutputStream:77 - [STDOUT_REDIRECT] StartTraceHandler.execute(), success : Collect=false
2026-04-07 10:25:23,221 [INFO] LogOutputStream:77 - [STDOUT_REDIRECT] StartTraceHandler.execute(), success : Collect=true
2026-04-07 11:14:44,770 [INFO] LogOutputStream:77 - [STDOUT_REDIRECT] StartTraceHandler.execute(), success : Collect=true
2026-04-07 13:58:56,255 [INFO] LogOutputStream:77 - [STDOUT_REDIRECT] StartTraceHandler.execute(), success : Collect=true
2026-04-07 13:58:57,938 [INFO] LogOutputStream:77 - [STDOUT_REDIRECT] StartTraceHandler.execute(), success : Collect=false
2026-04-07 13:59:04,185 [INFO] LogOutputStream:77 - [STDOUT_REDIRECT] StartTraceHandler.execute(), success : Collect=true
2026-04-07 15:02:59,862 [INFO] LogOutputStream:77 - [STDOUT_REDIRECT] StartTraceHandler.execute(), success : Collect=false
2026-04-07 15:03:36,674 [INFO] LogOutputStream:77 - [STDOUT_REDIRECT] StartTraceHandler.execute(), success : Collect=true
2026-04-07 15:30:19,003 [INFO] LogOutputStream:77 - [STDOUT_REDIRECT] StartTraceHandler.execute(), success : Collect=true
2026-04-07 22:29:18,780 [INFO] Activator:176 - 


2026-04-07 22:29:18,783 [INFO] Activator:177 - !SESSION log4j initialized
2026-04-07 22:29:24,400 [INFO] LogOutputStream:77 - [STDOUT_REDIRECT] 
